<?xml version="1.0" encoding="UTF-8"?>
<!-- Generated by org.testng.reporters.JUnitXMLReporter -->
<testsuite hostname="DESKTOP-J97733P" ignored="5" tests="0" failures="0" timestamp="2022-02-19T08:34:41 IST" time="0.023" errors="0">
  <testcase name="test1" time="0.0" classname="com.hyr.demoTests.NewTest">
    <ignored/>
  </testcase> <!-- test1 -->
  <testcase name="test2" time="0.0" classname="com.hyr.demoTests.NewTest">
    <ignored/>
  </testcase> <!-- test2 -->
  <testcase name="test5" time="0.0" classname="com.hyr.demoTests.NewTest2">
    <ignored/>
  </testcase> <!-- test5 -->
  <testcase name="test4" time="0.0" classname="com.hyr.demoTests.NewTest2">
    <ignored/>
  </testcase> <!-- test4 -->
  <testcase name="test3" time="0.0" classname="com.hyr.demoTests.NewTest">
    <ignored/>
  </testcase> <!-- test3 -->
</testsuite>
