<?xml version="1.0" encoding="UTF-8"?>
<!-- Generated by org.testng.reporters.JUnitXMLReporter -->
<testsuite hostname="DESKTOP-J97733P" ignored="4" name="OrangeHRMLogin" tests="3" failures="0" timestamp="2022-02-17T08:04:27 IST" time="16.614" errors="0">
  <testcase name="launchApp" time="3.303" classname="com.ackage.orangehrm.OrangeHRM"/>
  <testcase name="doLogin" time="4.602" classname="com.ackage.orangehrm.OrangeHRM"/>
  <testcase name="verifyLogin" time="0.063" classname="com.ackage.orangehrm.OrangeHRM"/>
  <testcase name="verifyLeave" time="0.0" classname="com.ackage.orangehrm.OrangeHRM">
    <ignored/>
  </testcase> <!-- verifyLeave -->
  <testcase name="selectToDate" time="0.0" classname="com.ackage.orangehrm.OrangeHRM">
    <ignored/>
  </testcase> <!-- selectToDate -->
  <testcase name="selectFromDate" time="0.0" classname="com.ackage.orangehrm.OrangeHRM">
    <ignored/>
  </testcase> <!-- selectFromDate -->
  <testcase name="navigateToLeave" time="0.0" classname="com.ackage.orangehrm.OrangeHRM">
    <ignored/>
  </testcase> <!-- navigateToLeave -->
</testsuite> <!-- OrangeHRMLogin -->
