<?xml version="1.0" encoding="UTF-8"?>
<!-- Generated by org.testng.reporters.JUnitXMLReporter -->
<testsuite hostname="DESKTOP-J97733P" ignored="3" name="OrangeHRMLeave" tests="4" failures="0" timestamp="2022-02-17T08:37:47 IST" time="35.121" errors="0">
  <testcase name="launchApp" time="3.484" classname="com.ackage.orangehrm.OrangeHRM"/>
  <testcase name="doLogin" time="4.569" classname="com.ackage.orangehrm.OrangeHRM"/>
  <testcase name="navigateToLeave" time="12.188" classname="com.ackage.orangehrm.OrangeHRM"/>
  <testcase name="verifyLeave" time="5.112" classname="com.ackage.orangehrm.OrangeHRM"/>
  <testcase name="verifyLogin" time="0.0" classname="com.ackage.orangehrm.OrangeHRM">
    <ignored/>
  </testcase> <!-- verifyLogin -->
  <testcase name="selectToDate" time="0.0" classname="com.ackage.orangehrm.OrangeHRM">
    <ignored/>
  </testcase> <!-- selectToDate -->
  <testcase name="selectFromDate" time="0.0" classname="com.ackage.orangehrm.OrangeHRM">
    <ignored/>
  </testcase> <!-- selectFromDate -->
</testsuite> <!-- OrangeHRMLeave -->
