<?xml version="1.0" encoding="UTF-8"?>
<!-- Generated by org.testng.reporters.JUnitXMLReporter -->
<testsuite hostname="DESKTOP-J97733P" ignored="2" name="OrangeHRMDatePickers" tests="5" failures="0" timestamp="2022-02-17T08:39:39 IST" time="35.398" errors="0">
  <testcase name="launchApp" time="3.788" classname="com.ackage.orangehrm.OrangeHRM"/>
  <testcase name="doLogin" time="3.433" classname="com.ackage.orangehrm.OrangeHRM"/>
  <testcase name="navigateToLeave" time="13.435" classname="com.ackage.orangehrm.OrangeHRM"/>
  <testcase name="selectFromDate" time="1.048" classname="com.ackage.orangehrm.OrangeHRM"/>
  <testcase name="selectToDate" time="1.362" classname="com.ackage.orangehrm.OrangeHRM"/>
  <testcase name="verifyLogin" time="0.0" classname="com.ackage.orangehrm.OrangeHRM">
    <ignored/>
  </testcase> <!-- verifyLogin -->
  <testcase name="verifyLeave" time="0.0" classname="com.ackage.orangehrm.OrangeHRM">
    <ignored/>
  </testcase> <!-- verifyLeave -->
</testsuite> <!-- OrangeHRMDatePickers -->
