<?xml version="1.0" encoding="UTF-8"?>
<!-- Generated by org.testng.reporters.JUnitXMLReporter -->
<testsuite hostname="DESKTOP-J97733P" ignored="1" name="Test1" tests="2" failures="0" timestamp="2022-02-21T08:51:25 IST" time="0.083" errors="0">
  <testcase name="test1" time="0.012" classname="com.hyr.groupTests.NewTest1"/>
  <testcase name="test2" time="0.002" classname="com.hyr.groupTests.NewTest1"/>
  <testcase name="test3" time="0.0" classname="com.hyr.groupTests.NewTest1">
    <ignored/>
  </testcase> <!-- test3 -->
</testsuite> <!-- Test1 -->
