<?xml version="1.0" encoding="UTF-8"?>
<!-- Generated by org.testng.reporters.JUnitXMLReporter -->
<testsuite hostname="DESKTOP-J97733P" ignored="3" name="Test2" tests="1" failures="0" timestamp="2022-02-21T08:51:25 IST" time="0.006" errors="0">
  <testcase name="test6" time="0.002" classname="com.hyr.groupTests.NewTest2"/>
  <testcase name="test4" time="0.0" classname="com.hyr.groupTests.NewTest2">
    <ignored/>
  </testcase> <!-- test4 -->
  <testcase name="test7" time="0.0" classname="com.hyr.groupTests.NewTest2">
    <ignored/>
  </testcase> <!-- test7 -->
  <testcase name="test5" time="0.0" classname="com.hyr.groupTests.NewTest2">
    <ignored/>
  </testcase> <!-- test5 -->
</testsuite> <!-- Test2 -->
