<?xml version="1.0" encoding="UTF-8"?>
<!-- Generated by org.testng.reporters.JUnitXMLReporter -->
<testsuite hostname="DESKTOP-J97733P" ignored="2" name="OrangeHRMLogin" tests="3" failures="0" timestamp="2022-02-16T07:41:13 IST" time="17.123" errors="0">
  <testcase name="launchApp" time="3.246" classname="com.hyr.test.OrangeHRM"/>
  <testcase name="enterLoginDetails" time="3.743" classname="com.hyr.test.OrangeHRM"/>
  <testcase name="verifyLogin" time="0.096" classname="com.hyr.test.OrangeHRM"/>
  <testcase name="verifyMyInfo" time="0.0" classname="com.hyr.test.OrangeHRM">
    <ignored/>
  </testcase> <!-- verifyMyInfo -->
  <testcase name="navigateToMyInfo" time="0.0" classname="com.hyr.test.OrangeHRM">
    <ignored/>
  </testcase> <!-- navigateToMyInfo -->
</testsuite> <!-- OrangeHRMLogin -->
