<?xml version="1.0" encoding="UTF-8"?>
<!-- Generated by org.testng.reporters.JUnitXMLReporter -->
<testsuite hostname="DESKTOP-J97733P" ignored="0" name="Test" tests="13" failures="0" timestamp="2022-02-27T15:08:45 IST" time="0.15" errors="0">
  <testcase name="test2" time="0.014" classname="com.hyr.parallelTests.BasicTestClass1"/>
  <testcase name="test1" time="0.014" classname="com.hyr.parallelTests.BasicTestClass1"/>
  <testcase name="test3" time="0.007" classname="com.hyr.parallelTests.BasicTestClass1"/>
  <testcase name="test1" time="0.002" classname="com.hyr.parallelTests.BasicTestClass3"/>
  <testcase name="test4" time="0.009" classname="com.hyr.parallelTests.BasicTestClass1"/>
  <testcase name="test2" time="0.003" classname="com.hyr.parallelTests.BasicTestClass3"/>
  <testcase name="test3" time="0.002" classname="com.hyr.parallelTests.BasicTestClass3"/>
  <testcase name="test4" time="0.002" classname="com.hyr.parallelTests.BasicTestClass3"/>
  <testcase name="test1" time="0.006" classname="com.hyr.parallelTests.BasicTestClass2"/>
  <testcase name="test2" time="0.004" classname="com.hyr.parallelTests.BasicTestClass2"/>
  <testcase name="test3" time="0.001" classname="com.hyr.parallelTests.BasicTestClass2"/>
  <testcase name="test1" time="0.003" classname="com.hyr.parallelTests.BasicTestClass4"/>
  <testcase name="test2" time="0.004" classname="com.hyr.parallelTests.BasicTestClass4"/>
</testsuite> <!-- Test -->
