<?xml version="1.0" encoding="UTF-8"?>
<!-- Generated by org.testng.reporters.JUnitXMLReporter -->
<testsuite hostname="DESKTOP-J97733P" ignored="2" name="Test2" tests="1" failures="0" timestamp="2022-03-03T14:43:24 IST" time="4.693" errors="0">
  <testcase name="testFacebook" time="1.838" classname="com.pacakge.Screenshots.TestClass"/>
  <testcase name="testGoogle" time="0.0" classname="com.pacakge.Screenshots.TestClass">
    <ignored/>
  </testcase> <!-- testGoogle -->
  <testcase name="testOrangeHRM" time="0.0" classname="com.pacakge.Screenshots.TestClass">
    <ignored/>
  </testcase> <!-- testOrangeHRM -->
</testsuite> <!-- Test2 -->
