<?xml version="1.0" encoding="UTF-8"?>
<!-- Generated by org.testng.reporters.JUnitXMLReporter -->
<testsuite hostname="DESKTOP-J97733P" ignored="0" name="Test" tests="6" failures="0" timestamp="2022-03-08T14:09:29 IST" time="0.212" errors="0">
  <testcase name="searchFilght" time="0.026" classname="com.hyr.test.FlightBookingTest"/>
  <testcase name="login" time="0.003" classname="com.hyr.test.FlightBookingTest"/>
  <testcase name="signUp" time="0.006" classname="com.hyr.test.FlightBookingTest"/>
  <testcase name="bookFlight" time="0.003" classname="com.hyr.test.FlightBookingTest"/>
  <testcase name="logOut" time="0.006" classname="com.hyr.test.FlightBookingTest"/>
  <testcase name="saveTicket" time="0.003" classname="com.hyr.test.FlightBookingTest"/>
</testsuite> <!-- Test -->
