<?xml version="1.0" encoding="UTF-8"?>
<!-- Generated by org.testng.reporters.JUnitXMLReporter -->
<testsuite hostname="DESKTOP-J97733P" ignored="2" name="Test1" tests="1" failures="1" timestamp="2022-03-03T14:43:20 IST" time="7.751" errors="0">
  <testcase name="testGoogle" time="3.34" classname="com.pacakge.Screenshots.TestClass">
    <failure type="java.lang.AssertionError" message="Title is mismatch expected [HYR Tutorials - Google Search1] but found [HYR Tutorials - Google Search]">
      <![CDATA[java.lang.AssertionError: Title is mismatch expected [HYR Tutorials - Google Search1] but found [HYR Tutorials - Google Search]
at com.pacakge.Screenshots.TestClass.testGoogle(TestClass.java:19)
at java.util.ArrayList.forEach(Unknown Source)
... Removed 32 stack frames]]>
    </failure>
  </testcase> <!-- testGoogle -->
  <testcase name="testFacebook" time="0.0" classname="com.pacakge.Screenshots.TestClass">
    <ignored/>
  </testcase> <!-- testFacebook -->
  <testcase name="testOrangeHRM" time="0.0" classname="com.pacakge.Screenshots.TestClass">
    <ignored/>
  </testcase> <!-- testOrangeHRM -->
</testsuite> <!-- Test1 -->
