<?xml version="1.0" encoding="UTF-8"?>
<!-- Generated by org.testng.reporters.JUnitXMLReporter -->
<testsuite hostname="DESKTOP-J97733P" ignored="7" name="Group Test" tests="0" failures="0" timestamp="2022-02-25T12:01:18 IST" time="0.015" errors="0">
  <testcase name="test4" time="0.0" classname="com.hyr.dependentTests.TestGroupDependency">
    <ignored/>
  </testcase> <!-- test4 -->
  <testcase name="test7" time="0.0" classname="com.hyr.dependentTests.TestGroupDependency">
    <ignored/>
  </testcase> <!-- test7 -->
  <testcase name="test6" time="0.0" classname="com.hyr.dependentTests.TestGroupDependency">
    <ignored/>
  </testcase> <!-- test6 -->
  <testcase name="test3" time="0.0" classname="com.hyr.dependentTests.TestGroupDependency">
    <ignored/>
  </testcase> <!-- test3 -->
  <testcase name="test2" time="0.0" classname="com.hyr.dependentTests.TestGroupDependency">
    <ignored/>
  </testcase> <!-- test2 -->
  <testcase name="test5" time="0.0" classname="com.hyr.dependentTests.TestGroupDependency">
    <ignored/>
  </testcase> <!-- test5 -->
  <testcase name="test1" time="0.0" classname="com.hyr.dependentTests.TestGroupDependency">
    <ignored/>
  </testcase> <!-- test1 -->
</testsuite> <!-- Group Test -->
