<?xml version="1.0" encoding="UTF-8"?>
<!-- Generated by org.testng.reporters.JUnitXMLReporter -->
<testsuite hostname="DESKTOP-J97733P" ignored="1" name="CheckBox Test" tests="2" failures="0" timestamp="2022-02-24T07:20:02 IST" time="26.252" errors="0">
  <testcase name="launchApp" time="2.276" classname="com.ackage.iteraqa.CheckBox1"/>
  <testcase name="clickOnCheckBox" time="15.442" classname="com.ackage.iteraqa.CheckBox1"/>
  <testcase name="clickOnLast3CheckBox" time="0.0" classname="com.ackage.iteraqa.CheckBox1">
    <ignored/>
  </testcase> <!-- clickOnLast3CheckBox -->
</testsuite> <!-- CheckBox Test -->
