<?xml version="1.0" encoding="UTF-8"?>
<!-- Generated by org.testng.reporters.JUnitXMLReporter -->
<testsuite hostname="DESKTOP-J97733P" ignored="1" name="First CheckBox Test" tests="2" failures="0" timestamp="2022-02-24T07:28:02 IST" time="20.429" errors="0">
  <testcase name="launchApp" time="2.25" classname="com.ackage.iteraqa.CheckBox1"/>
  <testcase name="clickOnFirst3CheckBoxes" time="9.402" classname="com.ackage.iteraqa.CheckBox1"/>
  <testcase name="clickOnCheckBox" time="0.0" classname="com.ackage.iteraqa.CheckBox1">
    <ignored/>
  </testcase> <!-- clickOnCheckBox -->
</testsuite> <!-- First CheckBox Test -->
