<?xml version="1.0" encoding="UTF-8"?>
<!-- Generated by org.testng.reporters.JUnitXMLReporter -->
<testsuite hostname="DESKTOP-J97733P" ignored="2" name="Last CheckBox Test" tests="1" failures="0" timestamp="2022-02-24T07:27:41 IST" time="11.062" errors="0">
  <testcase name="launchApp" time="2.288" classname="com.ackage.iteraqa.CheckBox1"/>
  <testcase name="clickOnCheckBox" time="0.0" classname="com.ackage.iteraqa.CheckBox1">
    <ignored/>
  </testcase> <!-- clickOnCheckBox -->
  <testcase name="clickOnFirst3CheckBoxes" time="0.0" classname="com.ackage.iteraqa.CheckBox1">
    <ignored/>
  </testcase> <!-- clickOnFirst3CheckBoxes -->
</testsuite> <!-- Last CheckBox Test -->
